<?xml version="1.0" encoding="UTF-8"?>
<!-- Generated by org.testng.reporters.JUnitXMLReporter -->
<testsuite ignored="0" hostname="HP" failures="0" tests="0" name="Test-Runner-1" time="13.765" errors="0" timestamp="2024-12-12T15:37:18 IST">
</testsuite> <!-- Test-Runner-1 -->
