<?xml version="1.0" encoding="UTF-8"?>
<!-- Generated by org.testng.reporters.JUnitXMLReporter -->
<testsuite ignored="0" hostname="HP" failures="0" tests="1" name="Test-Runner-2" time="6.363" errors="0" timestamp="2024-12-12T15:37:11 IST">
  <testcase classname="productsTests.RemoveProductTest" name="tc_002_removeProductTest" time="0.033"/>
</testsuite> <!-- Test-Runner-2 -->
