<?xml version="1.0" encoding="UTF-8"?>
<!-- Generated by org.testng.reporters.JUnitXMLReporter -->
<testsuite ignored="0" hostname="HP" failures="0" tests="1" name="Test-1" time="12.633" errors="0" timestamp="2024-11-22T17:05:45 IST">
  <testcase classname="productsTests.AddProductToCartTest" name="tc_001_AddProductToCartTest" time="7.778"/>
</testsuite> <!-- Test-1 -->
