<?xml version="1.0" encoding="UTF-8"?>
<!-- Generated by org.testng.reporters.JUnitXMLReporter -->
<testsuite ignored="0" hostname="HP" failures="0" tests="1" name="Test-2" time="5.085" errors="0" timestamp="2024-11-22T17:05:37 IST">
  <testcase classname="productsTests.RemoveProductTest" name="tc_002_removeProductTest" time="0.002"/>
</testsuite> <!-- Test-2 -->
