<?xml version="1.0" encoding="UTF-8"?>
<!-- Generated by org.testng.reporters.JUnitReportReporter -->
<testsuite hostname="HP" failures="0" tests="1" name="productsTests.AddProductToCartTest" time="7.649" errors="0" timestamp="2024-12-18T16:12:56 IST" skipped="0">
  <testcase classname="productsTests.AddProductToCartTest" name="tc_001_AddProductToCartTest" time="7.649"/>
  <system-out/>
</testsuite> <!-- productsTests.AddProductToCartTest -->
