<?xml version="1.0" encoding="UTF-8"?>
<!-- Generated by org.testng.reporters.JUnitReportReporter -->
<testsuite hostname="HP" failures="0" tests="1" name="productsTests.RemoveProductTest" time="0.598" errors="0" timestamp="2024-12-18T16:12:56 IST" skipped="0">
  <testcase classname="productsTests.RemoveProductTest" name="tc_002_removeProductTest" time="0.598"/>
  <system-out/>
</testsuite> <!-- productsTests.RemoveProductTest -->
