<?xml version="1.0" encoding="UTF-8"?>
<!-- Generated by org.testng.reporters.JUnitReportReporter -->
<testsuite hostname="HP" failures="0" tests="2" name="productsTests.b4After" time="0.008" errors="0" timestamp="2024-11-20T15:49:04 IST" skipped="0">
  <testcase classname="productsTests.b4After" name="m1" time="0.005"/>
  <system-out/>
  <testcase classname="productsTests.b4After" name="m2" time="0.003"/>
  <system-out/>
</testsuite> <!-- productsTests.b4After -->
