<?xml version="1.0" encoding="UTF-8"?>
<!-- Generated by org.testng.reporters.JUnitReportReporter -->
<testsuite hostname="HP" failures="0" tests="1" name="productsTests.BaseClass" time="10.467" errors="0" timestamp="2024-11-20T12:55:11 IST" skipped="0">
  <testcase classname="productsTests.BaseClass" name="tc_001_AddProductToCartTest" time="10.467"/>
  <system-out/>
</testsuite> <!-- productsTests.BaseClass -->
