<?xml version="1.0" encoding="UTF-8"?>
<!-- Generated by org.testng.reporters.JUnitReportReporter -->
<testsuite hostname="HP" failures="0" tests="1" name="Practice.TestNGPractice" time="0.008" errors="0" timestamp="2024-12-03T17:48:58 IST" skipped="0">
  <testcase classname="Practice.TestNGPractice" name="sample" time="0.008"/>
  <system-out/>
</testsuite> <!-- Practice.TestNGPractice -->
